2019-10-17 10:00:04,947 INFO com.datageeks.EmpAppApplication [restartedMain] Starting EmpAppApplication on LAPTOP-KFMCC94N with PID 13836 (C:\DataGeeks\LOG4J\HBEmpApp-WithLog4j\target\classes started by venka in C:\DataGeeks\LOG4J\HBEmpApp-WithLog4j)
2019-10-17 10:00:04,947 DEBUG com.datageeks.EmpAppApplication [restartedMain] Running with Spring Boot v2.1.9.RELEASE, Spring v5.1.10.RELEASE
2019-10-17 10:00:04,947 INFO com.datageeks.EmpAppApplication [restartedMain] No active profile set, falling back to default profiles: default
2019-10-17 10:00:05,415 INFO org.springframework.data.repository.config.RepositoryConfigurationDelegate [restartedMain] Bootstrapping Spring Data repositories in DEFAULT mode.
2019-10-17 10:00:05,433 INFO org.springframework.data.repository.config.RepositoryConfigurationDelegate [restartedMain] Finished Spring Data repository scanning in 18ms. Found 0 repository interfaces.
2019-10-17 10:00:05,527 INFO org.springframework.context.support.PostProcessorRegistrationDelegate$BeanPostProcessorChecker [restartedMain] Bean 'org.springframework.transaction.annotation.ProxyTransactionManagementConfiguration' of type [org.springframework.transaction.annotation.ProxyTransactionManagementConfiguration$$EnhancerBySpringCGLIB$$229f2aa6] is not eligible for getting processed by all BeanPostProcessors (for example: not eligible for auto-proxying)
2019-10-17 10:00:05,699 INFO org.springframework.boot.web.embedded.tomcat.TomcatWebServer [restartedMain] Tomcat initialized with port(s): 8888 (http)
2019-10-17 10:00:05,699 INFO org.apache.catalina.core.StandardService [restartedMain] Starting service [Tomcat]
2019-10-17 10:00:05,699 INFO org.apache.catalina.core.StandardEngine [restartedMain] Starting Servlet engine: [Apache Tomcat/9.0.26]
2019-10-17 10:00:05,886 INFO org.apache.jasper.servlet.TldScanner [restartedMain] At least one JAR was scanned for TLDs yet contained no TLDs. Enable debug logging for this logger for a complete list of JARs that were scanned but no TLDs were found in them. Skipping unneeded JARs during scanning can improve startup time and JSP compilation time.
2019-10-17 10:00:05,886 INFO org.apache.catalina.core.ContainerBase.[Tomcat].[localhost].[/] [restartedMain] Initializing Spring embedded WebApplicationContext
2019-10-17 10:00:05,886 INFO org.springframework.web.context.ContextLoader [restartedMain] Root WebApplicationContext: initialization completed in 939 ms
2019-10-17 10:00:05,965 INFO com.zaxxer.hikari.HikariDataSource [restartedMain] HikariPool-4 - Starting...
2019-10-17 10:00:05,996 INFO com.zaxxer.hikari.pool.PoolBase [restartedMain] HikariPool-4 - Driver does not support get/set network timeout for connections. (oracle.jdbc.driver.T4CConnection.getNetworkTimeout()I)
2019-10-17 10:00:05,996 INFO com.zaxxer.hikari.HikariDataSource [restartedMain] HikariPool-4 - Start completed.
2019-10-17 10:00:06,011 INFO org.hibernate.jpa.internal.util.LogHelper [restartedMain] HHH000204: Processing PersistenceUnitInfo [
	name: default
	...]
2019-10-17 10:00:06,027 INFO org.hibernate.dialect.Dialect [restartedMain] HHH000400: Using dialect: org.hibernate.dialect.Oracle10gDialect
2019-10-17 10:00:06,090 INFO org.springframework.orm.jpa.LocalContainerEntityManagerFactoryBean [restartedMain] Initialized JPA EntityManagerFactory for persistence unit 'default'
2019-10-17 10:00:06,339 INFO org.springframework.scheduling.concurrent.ThreadPoolTaskExecutor [restartedMain] Initializing ExecutorService 'applicationTaskExecutor'
2019-10-17 10:00:06,339 WARN org.springframework.boot.autoconfigure.orm.jpa.JpaBaseConfiguration$JpaWebConfiguration$JpaWebMvcConfiguration [restartedMain] spring.jpa.open-in-view is enabled by default. Therefore, database queries may be performed during view rendering. Explicitly configure spring.jpa.open-in-view to disable this warning
2019-10-17 10:00:06,464 INFO org.springframework.boot.devtools.autoconfigure.OptionalLiveReloadServer [restartedMain] LiveReload server is running on port 35729
2019-10-17 10:00:06,496 INFO org.springframework.boot.web.embedded.tomcat.TomcatWebServer [restartedMain] Tomcat started on port(s): 8888 (http) with context path ''
2019-10-17 10:00:06,512 INFO com.datageeks.EmpAppApplication [restartedMain] Started EmpAppApplication in 1.628 seconds (JVM running for 200.032)
2019-10-17 10:00:06,512 INFO org.springframework.boot.devtools.autoconfigure.ConditionEvaluationDeltaLoggingListener [restartedMain] Condition evaluation unchanged
2019-10-17 10:00:06,512 DEBUG com.datageeks.EmpAppApplication [restartedMain] EmpAppApplication main(...) completed
2019-10-17 10:00:24,725 INFO org.apache.catalina.core.ContainerBase.[Tomcat].[localhost].[/] [http-nio-8888-exec-1] Initializing Spring DispatcherServlet 'dispatcherServlet'
2019-10-17 10:00:24,726 INFO org.springframework.web.servlet.DispatcherServlet [http-nio-8888-exec-1] Initializing Servlet 'dispatcherServlet'
2019-10-17 10:00:24,736 INFO org.springframework.web.servlet.DispatcherServlet [http-nio-8888-exec-1] Completed initialization in 9 ms
2019-10-17 10:00:24,753 INFO com.datageeks.controller.EmployeeController [http-nio-8888-exec-1]  EmployeeController => editPage(...) method execution started
2019-10-17 10:00:24,759 INFO com.datageeks.service.EmployeeService [http-nio-8888-exec-1]  EmployeeService => getById(...) method execution started
2019-10-17 10:00:24,770 DEBUG com.datageeks.dao.EmployeeDAO [http-nio-8888-exec-1]  EmployeeDAO => getById(...) method execution started
2019-10-17 10:00:24,771 INFO org.hibernate.hql.internal.QueryTranslatorFactoryInitiator [http-nio-8888-exec-1] HHH000397: Using ASTQueryTranslatorFactory
2019-10-17 10:00:24,792 DEBUG com.datageeks.dao.EmployeeDAO [http-nio-8888-exec-1]  EmployeeDAO => getById(...) method execution completed
2019-10-17 10:00:24,793 INFO com.datageeks.service.EmployeeService [http-nio-8888-exec-1]  EmployeeService => getById(...) method execution completed
2019-10-17 10:00:24,793 INFO com.datageeks.controller.EmployeeController [http-nio-8888-exec-1]  EmployeeController => editPage(...) method execution completed
2019-10-17 10:04:03,407 INFO org.springframework.scheduling.concurrent.ThreadPoolTaskExecutor [Thread-28] Shutting down ExecutorService 'applicationTaskExecutor'
2019-10-17 10:04:03,408 INFO org.springframework.orm.jpa.LocalContainerEntityManagerFactoryBean [Thread-28] Closing JPA EntityManagerFactory for persistence unit 'default'
2019-10-17 10:04:03,410 INFO com.zaxxer.hikari.HikariDataSource [Thread-28] HikariPool-4 - Shutdown initiated...
2019-10-17 10:04:03,450 INFO com.zaxxer.hikari.HikariDataSource [Thread-28] HikariPool-4 - Shutdown completed.
2019-10-17 10:04:04,032 DEBUG com.datageeks.EmpAppApplication [restartedMain] EmpAppApplication main(..) started
